2026-03-28T12:09:04.337+05:30  INFO 32392 --- [EmployeeManagement] [restartedMain] com.example.demo.JusticeGovApplication   : Starting JusticeGovApplication using Java 21.0.8 with PID 32392 (C:\Users\2481590\git\JusticeGov\target\classes started by 2481590 in C:\Users\2481590\git\JusticeGov)
2026-03-28T12:09:04.347+05:30  INFO 32392 --- [EmployeeManagement] [restartedMain] com.example.demo.JusticeGovApplication   : No active profile set, falling back to 1 default profile: "default"
2026-03-28T12:09:04.421+05:30  INFO 32392 --- [EmployeeManagement] [restartedMain] .e.DevToolsPropertyDefaultsPostProcessor : Devtools property defaults active! Set 'spring.devtools.add-properties' to 'false' to disable
2026-03-28T12:09:04.421+05:30  INFO 32392 --- [EmployeeManagement] [restartedMain] .e.DevToolsPropertyDefaultsPostProcessor : For additional web related logging consider setting the 'logging.level.web' property to 'DEBUG'
2026-03-28T12:09:08.822+05:30  INFO 32392 --- [EmployeeManagement] [restartedMain] .s.d.r.c.RepositoryConfigurationDelegate : Bootstrapping Spring Data JPA repositories in DEFAULT mode.
2026-03-28T12:09:08.902+05:30  INFO 32392 --- [EmployeeManagement] [restartedMain] .s.d.r.c.RepositoryConfigurationDelegate : Finished Spring Data repository scanning in 65 ms. Found 2 JPA repository interfaces.
2026-03-28T12:09:10.069+05:30  INFO 32392 --- [EmployeeManagement] [restartedMain] o.s.boot.tomcat.TomcatWebServer          : Tomcat initialized with port 1234 (http)
2026-03-28T12:09:10.099+05:30  INFO 32392 --- [EmployeeManagement] [restartedMain] o.apache.catalina.core.StandardService   : Starting service [Tomcat]
2026-03-28T12:09:10.100+05:30  INFO 32392 --- [EmployeeManagement] [restartedMain] o.apache.catalina.core.StandardEngine    : Starting Servlet engine: [Apache Tomcat/11.0.18]
2026-03-28T12:09:10.242+05:30  INFO 32392 --- [EmployeeManagement] [restartedMain] b.w.c.s.WebApplicationContextInitializer : Root WebApplicationContext: initialization completed in 5818 ms
2026-03-28T12:09:10.838+05:30  INFO 32392 --- [EmployeeManagement] [restartedMain] org.hibernate.orm.jpa                    : HHH008540: Processing PersistenceUnitInfo [name: default]
2026-03-28T12:09:10.959+05:30  INFO 32392 --- [EmployeeManagement] [restartedMain] org.hibernate.orm.core                   : HHH000001: Hibernate ORM core version 7.2.4.Final
2026-03-28T12:09:11.968+05:30  INFO 32392 --- [EmployeeManagement] [restartedMain] o.s.o.j.p.SpringPersistenceUnitInfo      : No LoadTimeWeaver setup: ignoring JPA class transformer
2026-03-28T12:09:12.054+05:30  INFO 32392 --- [EmployeeManagement] [restartedMain] com.zaxxer.hikari.HikariDataSource       : HikariPool-1 - Starting...
2026-03-28T12:09:12.864+05:30  INFO 32392 --- [EmployeeManagement] [restartedMain] com.zaxxer.hikari.pool.HikariPool        : HikariPool-1 - Added connection com.mysql.cj.jdbc.ConnectionImpl@7c7b1b3d
2026-03-28T12:09:12.869+05:30  INFO 32392 --- [EmployeeManagement] [restartedMain] com.zaxxer.hikari.HikariDataSource       : HikariPool-1 - Start completed.
2026-03-28T12:09:12.990+05:30  WARN 32392 --- [EmployeeManagement] [restartedMain] org.hibernate.orm.deprecation            : HHH90000025: MySQLDialect does not need to be specified explicitly using 'hibernate.dialect' (remove the property setting and it will be selected by default)
2026-03-28T12:09:13.029+05:30  INFO 32392 --- [EmployeeManagement] [restartedMain] org.hibernate.orm.connections.pooling    : HHH10001005: Database info:
	Database JDBC URL [jdbc:mysql://localhost:3306/justiceGov]
	Database driver: MySQL Connector/J
	Database dialect: MySQLDialect
	Database version: 8.0.44
	Default catalog/schema: justiceGov/undefined
	Autocommit mode: undefined/unknown
	Isolation level: REPEATABLE_READ [default REPEATABLE_READ]
	JDBC fetch size: none
	Pool: DataSourceConnectionProvider
	Minimum pool size: undefined/unknown
	Maximum pool size: undefined/unknown
2026-03-28T12:09:14.937+05:30  INFO 32392 --- [EmployeeManagement] [restartedMain] org.hibernate.orm.core                   : HHH000489: No JTA platform available (set 'hibernate.transaction.jta.platform' to enable JTA platform integration)
2026-03-28T12:09:16.101+05:30  INFO 32392 --- [EmployeeManagement] [restartedMain] j.LocalContainerEntityManagerFactoryBean : Initialized JPA EntityManagerFactory for persistence unit 'default'
2026-03-28T12:09:16.330+05:30  INFO 32392 --- [EmployeeManagement] [restartedMain] o.s.d.j.r.query.QueryEnhancerFactories   : Hibernate is in classpath; If applicable, HQL parser will be used.
2026-03-28T12:09:17.058+05:30  WARN 32392 --- [EmployeeManagement] [restartedMain] JpaBaseConfiguration$JpaWebConfiguration : spring.jpa.open-in-view is enabled by default. Therefore, database queries may be performed during view rendering. Explicitly configure spring.jpa.open-in-view to disable this warning
2026-03-28T12:09:17.916+05:30  INFO 32392 --- [EmployeeManagement] [restartedMain] o.s.b.a.e.web.EndpointLinksResolver      : Exposing 13 endpoints beneath base path '/actuator'
2026-03-28T12:09:18.029+05:30  INFO 32392 --- [EmployeeManagement] [restartedMain] o.s.boot.tomcat.TomcatWebServer          : Tomcat started on port 1234 (http) with context path '/'
2026-03-28T12:09:18.038+05:30  INFO 32392 --- [EmployeeManagement] [restartedMain] com.example.demo.JusticeGovApplication   : Started JusticeGovApplication in 14.62 seconds (process running for 16.54)
2026-03-28T12:09:18.043+05:30  WARN 32392 --- [EmployeeManagement] [restartedMain] o.s.core.events.SpringDocAppInitializer  : SpringDoc /v3/api-docs endpoint is enabled by default. To disable it in production, set the property 'springdoc.api-docs.enabled=false'
2026-03-28T12:09:18.044+05:30  WARN 32392 --- [EmployeeManagement] [restartedMain] o.s.core.events.SpringDocAppInitializer  : SpringDoc /swagger-ui.html endpoint is enabled by default. To disable it in production, set the property 'springdoc.swagger-ui.enabled=false'
2026-03-28T12:09:18.902+05:30  INFO 32392 --- [EmployeeManagement] [RMI TCP Connection(4)-127.0.0.1] o.a.c.c.C.[Tomcat].[localhost].[/]       : Initializing Spring DispatcherServlet 'dispatcherServlet'
2026-03-28T12:09:18.903+05:30  INFO 32392 --- [EmployeeManagement] [RMI TCP Connection(4)-127.0.0.1] o.s.web.servlet.DispatcherServlet        : Initializing Servlet 'dispatcherServlet'
2026-03-28T12:09:18.904+05:30  INFO 32392 --- [EmployeeManagement] [RMI TCP Connection(4)-127.0.0.1] o.s.web.servlet.DispatcherServlet        : Completed initialization in 1 ms
2026-03-28T12:26:37.000+05:30  INFO 32392 --- [EmployeeManagement] [File Watcher] rtingClassPathChangeChangedEventListener : Restarting due to 1 class path change (0 additions, 0 deletions, 1 modification)
2026-03-28T12:26:37.006+05:30  INFO 32392 --- [EmployeeManagement] [Thread-1] o.s.boot.tomcat.GracefulShutdown         : Commencing graceful shutdown. Waiting for active requests to complete
2026-03-28T12:26:37.016+05:30  INFO 32392 --- [EmployeeManagement] [tomcat-shutdown] o.s.boot.tomcat.GracefulShutdown         : Graceful shutdown complete
2026-03-28T12:26:37.023+05:30  INFO 32392 --- [EmployeeManagement] [Thread-1] j.LocalContainerEntityManagerFactoryBean : Closing JPA EntityManagerFactory for persistence unit 'default'
2026-03-28T12:26:37.027+05:30  INFO 32392 --- [EmployeeManagement] [Thread-1] com.zaxxer.hikari.HikariDataSource       : HikariPool-1 - Shutdown initiated...
2026-03-28T12:26:37.035+05:30  INFO 32392 --- [EmployeeManagement] [Thread-1] com.zaxxer.hikari.HikariDataSource       : HikariPool-1 - Shutdown completed.
2026-03-28T12:26:37.246+05:30  INFO 32392 --- [EmployeeManagement] [restartedMain] com.example.demo.JusticeGovApplication   : Starting JusticeGovApplication using Java 21.0.8 with PID 32392 (C:\Users\2481590\git\JusticeGov\target\classes started by 2481590 in C:\Users\2481590\git\JusticeGov)
2026-03-28T12:26:37.247+05:30  INFO 32392 --- [EmployeeManagement] [restartedMain] com.example.demo.JusticeGovApplication   : No active profile set, falling back to 1 default profile: "default"
2026-03-28T12:26:40.699+05:30  INFO 32392 --- [EmployeeManagement] [restartedMain] .s.d.r.c.RepositoryConfigurationDelegate : Bootstrapping Spring Data JPA repositories in DEFAULT mode.
2026-03-28T12:26:40.720+05:30  INFO 32392 --- [EmployeeManagement] [restartedMain] .s.d.r.c.RepositoryConfigurationDelegate : Finished Spring Data repository scanning in 18 ms. Found 2 JPA repository interfaces.
2026-03-28T12:26:40.986+05:30  INFO 32392 --- [EmployeeManagement] [restartedMain] o.s.boot.tomcat.TomcatWebServer          : Tomcat initialized with port 1234 (http)
2026-03-28T12:26:40.988+05:30  INFO 32392 --- [EmployeeManagement] [restartedMain] o.apache.catalina.core.StandardService   : Starting service [Tomcat]
2026-03-28T12:26:40.989+05:30  INFO 32392 --- [EmployeeManagement] [restartedMain] o.apache.catalina.core.StandardEngine    : Starting Servlet engine: [Apache Tomcat/11.0.18]
2026-03-28T12:26:41.044+05:30  INFO 32392 --- [EmployeeManagement] [restartedMain] b.w.c.s.WebApplicationContextInitializer : Root WebApplicationContext: initialization completed in 3793 ms
2026-03-28T12:26:41.196+05:30  INFO 32392 --- [EmployeeManagement] [restartedMain] org.hibernate.orm.jpa                    : HHH008540: Processing PersistenceUnitInfo [name: default]
2026-03-28T12:26:41.252+05:30  INFO 32392 --- [EmployeeManagement] [restartedMain] o.s.o.j.p.SpringPersistenceUnitInfo      : No LoadTimeWeaver setup: ignoring JPA class transformer
2026-03-28T12:26:41.255+05:30  INFO 32392 --- [EmployeeManagement] [restartedMain] com.zaxxer.hikari.HikariDataSource       : HikariPool-2 - Starting...
2026-03-28T12:26:41.294+05:30  INFO 32392 --- [EmployeeManagement] [restartedMain] com.zaxxer.hikari.pool.HikariPool        : HikariPool-2 - Added connection com.mysql.cj.jdbc.ConnectionImpl@70e81cc5
2026-03-28T12:26:41.295+05:30  INFO 32392 --- [EmployeeManagement] [restartedMain] com.zaxxer.hikari.HikariDataSource       : HikariPool-2 - Start completed.
2026-03-28T12:26:41.297+05:30  WARN 32392 --- [EmployeeManagement] [restartedMain] org.hibernate.orm.deprecation            : HHH90000025: MySQLDialect does not need to be specified explicitly using 'hibernate.dialect' (remove the property setting and it will be selected by default)
2026-03-28T12:26:41.300+05:30  INFO 32392 --- [EmployeeManagement] [restartedMain] org.hibernate.orm.connections.pooling    : HHH10001005: Database info:
	Database JDBC URL [jdbc:mysql://localhost:3306/justiceGov]
	Database driver: MySQL Connector/J
	Database dialect: MySQLDialect
	Database version: 8.0.44
	Default catalog/schema: justiceGov/undefined
	Autocommit mode: undefined/unknown
	Isolation level: REPEATABLE_READ [default REPEATABLE_READ]
	JDBC fetch size: none
	Pool: DataSourceConnectionProvider
	Minimum pool size: undefined/unknown
	Maximum pool size: undefined/unknown
2026-03-28T12:26:41.703+05:30  INFO 32392 --- [EmployeeManagement] [restartedMain] org.hibernate.orm.core                   : HHH000489: No JTA platform available (set 'hibernate.transaction.jta.platform' to enable JTA platform integration)
2026-03-28T12:26:42.544+05:30  INFO 32392 --- [EmployeeManagement] [restartedMain] j.LocalContainerEntityManagerFactoryBean : Initialized JPA EntityManagerFactory for persistence unit 'default'
2026-03-28T12:26:42.705+05:30  WARN 32392 --- [EmployeeManagement] [restartedMain] JpaBaseConfiguration$JpaWebConfiguration : spring.jpa.open-in-view is enabled by default. Therefore, database queries may be performed during view rendering. Explicitly configure spring.jpa.open-in-view to disable this warning
2026-03-28T12:26:43.011+05:30  INFO 32392 --- [EmployeeManagement] [restartedMain] o.s.b.a.e.web.EndpointLinksResolver      : Exposing 13 endpoints beneath base path '/actuator'
2026-03-28T12:26:43.056+05:30  INFO 32392 --- [EmployeeManagement] [restartedMain] o.s.boot.tomcat.TomcatWebServer          : Tomcat started on port 1234 (http) with context path '/'
2026-03-28T12:26:43.063+05:30  INFO 32392 --- [EmployeeManagement] [restartedMain] com.example.demo.JusticeGovApplication   : Started JusticeGovApplication in 5.901 seconds (process running for 1061.565)
2026-03-28T12:26:43.066+05:30  WARN 32392 --- [EmployeeManagement] [restartedMain] o.s.core.events.SpringDocAppInitializer  : SpringDoc /v3/api-docs endpoint is enabled by default. To disable it in production, set the property 'springdoc.api-docs.enabled=false'
2026-03-28T12:26:43.066+05:30  WARN 32392 --- [EmployeeManagement] [restartedMain] o.s.core.events.SpringDocAppInitializer  : SpringDoc /swagger-ui.html endpoint is enabled by default. To disable it in production, set the property 'springdoc.swagger-ui.enabled=false'
2026-03-28T12:26:43.068+05:30  INFO 32392 --- [EmployeeManagement] [restartedMain] .ConditionEvaluationDeltaLoggingListener : Condition evaluation unchanged
2026-03-28T12:26:58.398+05:30  INFO 32392 --- [EmployeeManagement] [File Watcher] rtingClassPathChangeChangedEventListener : Restarting due to 5 class path changes (0 additions, 1 deletion, 4 modifications)
2026-03-28T12:26:58.403+05:30  INFO 32392 --- [EmployeeManagement] [Thread-5] o.s.boot.tomcat.GracefulShutdown         : Commencing graceful shutdown. Waiting for active requests to complete
2026-03-28T12:26:58.441+05:30  INFO 32392 --- [EmployeeManagement] [tomcat-shutdown] o.s.boot.tomcat.GracefulShutdown         : Graceful shutdown complete
2026-03-28T12:26:58.454+05:30  INFO 32392 --- [EmployeeManagement] [Thread-5] j.LocalContainerEntityManagerFactoryBean : Closing JPA EntityManagerFactory for persistence unit 'default'
2026-03-28T12:26:58.457+05:30  INFO 32392 --- [EmployeeManagement] [Thread-5] com.zaxxer.hikari.HikariDataSource       : HikariPool-2 - Shutdown initiated...
2026-03-28T12:26:58.468+05:30  INFO 32392 --- [EmployeeManagement] [Thread-5] com.zaxxer.hikari.HikariDataSource       : HikariPool-2 - Shutdown completed.
2026-03-28T12:26:58.584+05:30  INFO 32392 --- [EmployeeManagement] [restartedMain] com.example.demo.JusticeGovApplication   : Starting JusticeGovApplication using Java 21.0.8 with PID 32392 (C:\Users\2481590\git\JusticeGov\target\classes started by 2481590 in C:\Users\2481590\git\JusticeGov)
2026-03-28T12:26:58.585+05:30  INFO 32392 --- [EmployeeManagement] [restartedMain] com.example.demo.JusticeGovApplication   : No active profile set, falling back to 1 default profile: "default"
2026-03-28T12:26:58.896+05:30  INFO 32392 --- [EmployeeManagement] [restartedMain] .s.d.r.c.RepositoryConfigurationDelegate : Bootstrapping Spring Data JPA repositories in DEFAULT mode.
2026-03-28T12:26:58.916+05:30  INFO 32392 --- [EmployeeManagement] [restartedMain] .s.d.r.c.RepositoryConfigurationDelegate : Finished Spring Data repository scanning in 17 ms. Found 2 JPA repository interfaces.
2026-03-28T12:26:59.025+05:30  INFO 32392 --- [EmployeeManagement] [restartedMain] o.s.boot.tomcat.TomcatWebServer          : Tomcat initialized with port 1234 (http)
2026-03-28T12:26:59.026+05:30  INFO 32392 --- [EmployeeManagement] [restartedMain] o.apache.catalina.core.StandardService   : Starting service [Tomcat]
2026-03-28T12:26:59.026+05:30  INFO 32392 --- [EmployeeManagement] [restartedMain] o.apache.catalina.core.StandardEngine    : Starting Servlet engine: [Apache Tomcat/11.0.18]
2026-03-28T12:26:59.061+05:30  INFO 32392 --- [EmployeeManagement] [restartedMain] b.w.c.s.WebApplicationContextInitializer : Root WebApplicationContext: initialization completed in 472 ms
2026-03-28T12:26:59.133+05:30  INFO 32392 --- [EmployeeManagement] [restartedMain] org.hibernate.orm.jpa                    : HHH008540: Processing PersistenceUnitInfo [name: default]
2026-03-28T12:26:59.172+05:30  INFO 32392 --- [EmployeeManagement] [restartedMain] o.s.o.j.p.SpringPersistenceUnitInfo      : No LoadTimeWeaver setup: ignoring JPA class transformer
2026-03-28T12:26:59.173+05:30  INFO 32392 --- [EmployeeManagement] [restartedMain] com.zaxxer.hikari.HikariDataSource       : HikariPool-3 - Starting...
2026-03-28T12:26:59.194+05:30  INFO 32392 --- [EmployeeManagement] [restartedMain] com.zaxxer.hikari.pool.HikariPool        : HikariPool-3 - Added connection com.mysql.cj.jdbc.ConnectionImpl@1ef493ed
2026-03-28T12:26:59.195+05:30  INFO 32392 --- [EmployeeManagement] [restartedMain] com.zaxxer.hikari.HikariDataSource       : HikariPool-3 - Start completed.
2026-03-28T12:26:59.196+05:30  WARN 32392 --- [EmployeeManagement] [restartedMain] org.hibernate.orm.deprecation            : HHH90000025: MySQLDialect does not need to be specified explicitly using 'hibernate.dialect' (remove the property setting and it will be selected by default)
2026-03-28T12:26:59.197+05:30  INFO 32392 --- [EmployeeManagement] [restartedMain] org.hibernate.orm.connections.pooling    : HHH10001005: Database info:
	Database JDBC URL [jdbc:mysql://localhost:3306/justiceGov]
	Database driver: MySQL Connector/J
	Database dialect: MySQLDialect
	Database version: 8.0.44
	Default catalog/schema: justiceGov/undefined
	Autocommit mode: undefined/unknown
	Isolation level: REPEATABLE_READ [default REPEATABLE_READ]
	JDBC fetch size: none
	Pool: DataSourceConnectionProvider
	Minimum pool size: undefined/unknown
	Maximum pool size: undefined/unknown
2026-03-28T12:26:59.472+05:30  INFO 32392 --- [EmployeeManagement] [restartedMain] org.hibernate.orm.core                   : HHH000489: No JTA platform available (set 'hibernate.transaction.jta.platform' to enable JTA platform integration)
2026-03-28T12:27:00.210+05:30  INFO 32392 --- [EmployeeManagement] [restartedMain] j.LocalContainerEntityManagerFactoryBean : Initialized JPA EntityManagerFactory for persistence unit 'default'
2026-03-28T12:27:00.360+05:30  WARN 32392 --- [EmployeeManagement] [restartedMain] JpaBaseConfiguration$JpaWebConfiguration : spring.jpa.open-in-view is enabled by default. Therefore, database queries may be performed during view rendering. Explicitly configure spring.jpa.open-in-view to disable this warning
2026-03-28T12:27:00.576+05:30  INFO 32392 --- [EmployeeManagement] [restartedMain] o.s.b.a.e.web.EndpointLinksResolver      : Exposing 13 endpoints beneath base path '/actuator'
2026-03-28T12:27:00.597+05:30  INFO 32392 --- [EmployeeManagement] [restartedMain] o.s.boot.tomcat.TomcatWebServer          : Tomcat started on port 1234 (http) with context path '/'
2026-03-28T12:27:00.601+05:30  INFO 32392 --- [EmployeeManagement] [restartedMain] com.example.demo.JusticeGovApplication   : Started JusticeGovApplication in 2.049 seconds (process running for 1079.103)
2026-03-28T12:27:00.603+05:30  WARN 32392 --- [EmployeeManagement] [restartedMain] o.s.core.events.SpringDocAppInitializer  : SpringDoc /v3/api-docs endpoint is enabled by default. To disable it in production, set the property 'springdoc.api-docs.enabled=false'
2026-03-28T12:27:00.603+05:30  WARN 32392 --- [EmployeeManagement] [restartedMain] o.s.core.events.SpringDocAppInitializer  : SpringDoc /swagger-ui.html endpoint is enabled by default. To disable it in production, set the property 'springdoc.swagger-ui.enabled=false'
2026-03-28T12:27:00.604+05:30  INFO 32392 --- [EmployeeManagement] [restartedMain] .ConditionEvaluationDeltaLoggingListener : Condition evaluation unchanged
2026-03-28T12:52:37.985+05:30  WARN 32392 --- [EmployeeManagement] [HikariPool-3:housekeeper] com.zaxxer.hikari.pool.HikariPool        : HikariPool-3 - Thread starvation or clock leap detected (housekeeper delta=23m8s617ms598µs700ns).
2026-03-28T13:26:36.598+05:30  INFO 32392 --- [EmployeeManagement] [File Watcher] rtingClassPathChangeChangedEventListener : Restarting due to 1 class path change (0 additions, 0 deletions, 1 modification)
2026-03-28T13:26:36.602+05:30  INFO 32392 --- [EmployeeManagement] [Thread-9] o.s.boot.tomcat.GracefulShutdown         : Commencing graceful shutdown. Waiting for active requests to complete
2026-03-28T13:26:36.631+05:30  INFO 32392 --- [EmployeeManagement] [tomcat-shutdown] o.s.boot.tomcat.GracefulShutdown         : Graceful shutdown complete
2026-03-28T13:26:36.637+05:30  INFO 32392 --- [EmployeeManagement] [Thread-9] j.LocalContainerEntityManagerFactoryBean : Closing JPA EntityManagerFactory for persistence unit 'default'
2026-03-28T13:26:36.638+05:30  INFO 32392 --- [EmployeeManagement] [Thread-9] com.zaxxer.hikari.HikariDataSource       : HikariPool-3 - Shutdown initiated...
2026-03-28T13:26:36.644+05:30  INFO 32392 --- [EmployeeManagement] [Thread-9] com.zaxxer.hikari.HikariDataSource       : HikariPool-3 - Shutdown completed.
2026-03-28T13:26:36.842+05:30  INFO 32392 --- [EmployeeManagement] [restartedMain] com.example.demo.JusticeGovApplication   : Starting JusticeGovApplication using Java 21.0.8 with PID 32392 (C:\Users\2481590\git\JusticeGov\target\classes started by 2481590 in C:\Users\2481590\git\JusticeGov)
2026-03-28T13:26:36.842+05:30  INFO 32392 --- [EmployeeManagement] [restartedMain] com.example.demo.JusticeGovApplication   : No active profile set, falling back to 1 default profile: "default"
2026-03-28T13:26:39.836+05:30  INFO 32392 --- [EmployeeManagement] [restartedMain] .s.d.r.c.RepositoryConfigurationDelegate : Bootstrapping Spring Data JPA repositories in DEFAULT mode.
2026-03-28T13:26:39.859+05:30  INFO 32392 --- [EmployeeManagement] [restartedMain] .s.d.r.c.RepositoryConfigurationDelegate : Finished Spring Data repository scanning in 21 ms. Found 2 JPA repository interfaces.
2026-03-28T13:26:40.058+05:30  INFO 32392 --- [EmployeeManagement] [restartedMain] o.s.boot.tomcat.TomcatWebServer          : Tomcat initialized with port 1234 (http)
2026-03-28T13:26:40.061+05:30  INFO 32392 --- [EmployeeManagement] [restartedMain] o.apache.catalina.core.StandardService   : Starting service [Tomcat]
2026-03-28T13:26:40.061+05:30  INFO 32392 --- [EmployeeManagement] [restartedMain] o.apache.catalina.core.StandardEngine    : Starting Servlet engine: [Apache Tomcat/11.0.18]
2026-03-28T13:26:40.105+05:30  INFO 32392 --- [EmployeeManagement] [restartedMain] b.w.c.s.WebApplicationContextInitializer : Root WebApplicationContext: initialization completed in 3259 ms
2026-03-28T13:26:40.213+05:30  INFO 32392 --- [EmployeeManagement] [restartedMain] org.hibernate.orm.jpa                    : HHH008540: Processing PersistenceUnitInfo [name: default]
2026-03-28T13:26:40.353+05:30  INFO 32392 --- [EmployeeManagement] [restartedMain] o.s.o.j.p.SpringPersistenceUnitInfo      : No LoadTimeWeaver setup: ignoring JPA class transformer
2026-03-28T13:26:40.354+05:30  INFO 32392 --- [EmployeeManagement] [restartedMain] com.zaxxer.hikari.HikariDataSource       : HikariPool-4 - Starting...
2026-03-28T13:26:40.390+05:30  INFO 32392 --- [EmployeeManagement] [restartedMain] com.zaxxer.hikari.pool.HikariPool        : HikariPool-4 - Added connection com.mysql.cj.jdbc.ConnectionImpl@51b59db
2026-03-28T13:26:40.391+05:30  INFO 32392 --- [EmployeeManagement] [restartedMain] com.zaxxer.hikari.HikariDataSource       : HikariPool-4 - Start completed.
2026-03-28T13:26:40.392+05:30  WARN 32392 --- [EmployeeManagement] [restartedMain] org.hibernate.orm.deprecation            : HHH90000025: MySQLDialect does not need to be specified explicitly using 'hibernate.dialect' (remove the property setting and it will be selected by default)
2026-03-28T13:26:40.394+05:30  INFO 32392 --- [EmployeeManagement] [restartedMain] org.hibernate.orm.connections.pooling    : HHH10001005: Database info:
	Database JDBC URL [jdbc:mysql://localhost:3306/justiceGov]
	Database driver: MySQL Connector/J
	Database dialect: MySQLDialect
	Database version: 8.0.44
	Default catalog/schema: justiceGov/undefined
	Autocommit mode: undefined/unknown
	Isolation level: REPEATABLE_READ [default REPEATABLE_READ]
	JDBC fetch size: none
	Pool: DataSourceConnectionProvider
	Minimum pool size: undefined/unknown
	Maximum pool size: undefined/unknown
2026-03-28T13:26:40.643+05:30  INFO 32392 --- [EmployeeManagement] [restartedMain] org.hibernate.orm.core                   : HHH000489: No JTA platform available (set 'hibernate.transaction.jta.platform' to enable JTA platform integration)
2026-03-28T13:26:41.401+05:30  INFO 32392 --- [EmployeeManagement] [restartedMain] j.LocalContainerEntityManagerFactoryBean : Initialized JPA EntityManagerFactory for persistence unit 'default'
2026-03-28T13:26:41.593+05:30  WARN 32392 --- [EmployeeManagement] [restartedMain] JpaBaseConfiguration$JpaWebConfiguration : spring.jpa.open-in-view is enabled by default. Therefore, database queries may be performed during view rendering. Explicitly configure spring.jpa.open-in-view to disable this warning
2026-03-28T13:26:41.806+05:30  INFO 32392 --- [EmployeeManagement] [restartedMain] o.s.b.a.e.web.EndpointLinksResolver      : Exposing 13 endpoints beneath base path '/actuator'
2026-03-28T13:26:41.837+05:30  INFO 32392 --- [EmployeeManagement] [restartedMain] o.s.boot.tomcat.TomcatWebServer          : Tomcat started on port 1234 (http) with context path '/'
2026-03-28T13:26:41.843+05:30  INFO 32392 --- [EmployeeManagement] [restartedMain] com.example.demo.JusticeGovApplication   : Started JusticeGovApplication in 5.035 seconds (process running for 4660.345)
2026-03-28T13:26:41.845+05:30  WARN 32392 --- [EmployeeManagement] [restartedMain] o.s.core.events.SpringDocAppInitializer  : SpringDoc /v3/api-docs endpoint is enabled by default. To disable it in production, set the property 'springdoc.api-docs.enabled=false'
2026-03-28T13:26:41.845+05:30  WARN 32392 --- [EmployeeManagement] [restartedMain] o.s.core.events.SpringDocAppInitializer  : SpringDoc /swagger-ui.html endpoint is enabled by default. To disable it in production, set the property 'springdoc.swagger-ui.enabled=false'
2026-03-28T13:26:41.847+05:30  INFO 32392 --- [EmployeeManagement] [restartedMain] .ConditionEvaluationDeltaLoggingListener : Condition evaluation unchanged
2026-03-28T13:26:44.271+05:30  INFO 32392 --- [EmployeeManagement] [File Watcher] rtingClassPathChangeChangedEventListener : Restarting due to 1 class path change (0 additions, 0 deletions, 1 modification)
2026-03-28T13:26:44.273+05:30  INFO 32392 --- [EmployeeManagement] [Thread-13] o.s.boot.tomcat.GracefulShutdown         : Commencing graceful shutdown. Waiting for active requests to complete
2026-03-28T13:26:44.286+05:30  INFO 32392 --- [EmployeeManagement] [tomcat-shutdown] o.s.boot.tomcat.GracefulShutdown         : Graceful shutdown complete
2026-03-28T13:26:44.289+05:30  INFO 32392 --- [EmployeeManagement] [Thread-13] j.LocalContainerEntityManagerFactoryBean : Closing JPA EntityManagerFactory for persistence unit 'default'
2026-03-28T13:26:44.290+05:30  INFO 32392 --- [EmployeeManagement] [Thread-13] com.zaxxer.hikari.HikariDataSource       : HikariPool-4 - Shutdown initiated...
2026-03-28T13:26:44.293+05:30  INFO 32392 --- [EmployeeManagement] [Thread-13] com.zaxxer.hikari.HikariDataSource       : HikariPool-4 - Shutdown completed.
2026-03-28T13:26:44.377+05:30  INFO 32392 --- [EmployeeManagement] [restartedMain] com.example.demo.JusticeGovApplication   : Starting JusticeGovApplication using Java 21.0.8 with PID 32392 (C:\Users\2481590\git\JusticeGov\target\classes started by 2481590 in C:\Users\2481590\git\JusticeGov)
2026-03-28T13:26:44.377+05:30  INFO 32392 --- [EmployeeManagement] [restartedMain] com.example.demo.JusticeGovApplication   : No active profile set, falling back to 1 default profile: "default"
2026-03-28T13:26:44.679+05:30  INFO 32392 --- [EmployeeManagement] [restartedMain] .s.d.r.c.RepositoryConfigurationDelegate : Bootstrapping Spring Data JPA repositories in DEFAULT mode.
2026-03-28T13:26:44.693+05:30  INFO 32392 --- [EmployeeManagement] [restartedMain] .s.d.r.c.RepositoryConfigurationDelegate : Finished Spring Data repository scanning in 12 ms. Found 2 JPA repository interfaces.
2026-03-28T13:26:44.807+05:30  INFO 32392 --- [EmployeeManagement] [restartedMain] o.s.boot.tomcat.TomcatWebServer          : Tomcat initialized with port 1234 (http)
2026-03-28T13:26:44.807+05:30  INFO 32392 --- [EmployeeManagement] [restartedMain] o.apache.catalina.core.StandardService   : Starting service [Tomcat]
2026-03-28T13:26:44.808+05:30  INFO 32392 --- [EmployeeManagement] [restartedMain] o.apache.catalina.core.StandardEngine    : Starting Servlet engine: [Apache Tomcat/11.0.18]
2026-03-28T13:26:44.835+05:30  INFO 32392 --- [EmployeeManagement] [restartedMain] b.w.c.s.WebApplicationContextInitializer : Root WebApplicationContext: initialization completed in 456 ms
2026-03-28T13:26:44.897+05:30  INFO 32392 --- [EmployeeManagement] [restartedMain] org.hibernate.orm.jpa                    : HHH008540: Processing PersistenceUnitInfo [name: default]
2026-03-28T13:26:44.953+05:30  INFO 32392 --- [EmployeeManagement] [restartedMain] o.s.o.j.p.SpringPersistenceUnitInfo      : No LoadTimeWeaver setup: ignoring JPA class transformer
2026-03-28T13:26:44.954+05:30  INFO 32392 --- [EmployeeManagement] [restartedMain] com.zaxxer.hikari.HikariDataSource       : HikariPool-5 - Starting...
2026-03-28T13:26:44.970+05:30  INFO 32392 --- [EmployeeManagement] [restartedMain] com.zaxxer.hikari.pool.HikariPool        : HikariPool-5 - Added connection com.mysql.cj.jdbc.ConnectionImpl@711aedb0
2026-03-28T13:26:44.971+05:30  INFO 32392 --- [EmployeeManagement] [restartedMain] com.zaxxer.hikari.HikariDataSource       : HikariPool-5 - Start completed.
2026-03-28T13:26:44.972+05:30  WARN 32392 --- [EmployeeManagement] [restartedMain] org.hibernate.orm.deprecation            : HHH90000025: MySQLDialect does not need to be specified explicitly using 'hibernate.dialect' (remove the property setting and it will be selected by default)
2026-03-28T13:26:44.973+05:30  INFO 32392 --- [EmployeeManagement] [restartedMain] org.hibernate.orm.connections.pooling    : HHH10001005: Database info:
	Database JDBC URL [jdbc:mysql://localhost:3306/justiceGov]
	Database driver: MySQL Connector/J
	Database dialect: MySQLDialect
	Database version: 8.0.44
	Default catalog/schema: justiceGov/undefined
	Autocommit mode: undefined/unknown
	Isolation level: REPEATABLE_READ [default REPEATABLE_READ]
	JDBC fetch size: none
	Pool: DataSourceConnectionProvider
	Minimum pool size: undefined/unknown
	Maximum pool size: undefined/unknown
2026-03-28T13:26:45.203+05:30  INFO 32392 --- [EmployeeManagement] [restartedMain] org.hibernate.orm.core                   : HHH000489: No JTA platform available (set 'hibernate.transaction.jta.platform' to enable JTA platform integration)
2026-03-28T13:26:45.958+05:30  INFO 32392 --- [EmployeeManagement] [restartedMain] j.LocalContainerEntityManagerFactoryBean : Initialized JPA EntityManagerFactory for persistence unit 'default'
2026-03-28T13:26:46.079+05:30  WARN 32392 --- [EmployeeManagement] [restartedMain] JpaBaseConfiguration$JpaWebConfiguration : spring.jpa.open-in-view is enabled by default. Therefore, database queries may be performed during view rendering. Explicitly configure spring.jpa.open-in-view to disable this warning
2026-03-28T13:26:46.279+05:30  INFO 32392 --- [EmployeeManagement] [restartedMain] o.s.b.a.e.web.EndpointLinksResolver      : Exposing 13 endpoints beneath base path '/actuator'
2026-03-28T13:26:46.306+05:30  INFO 32392 --- [EmployeeManagement] [restartedMain] o.s.boot.tomcat.TomcatWebServer          : Tomcat started on port 1234 (http) with context path '/'
2026-03-28T13:26:46.311+05:30  INFO 32392 --- [EmployeeManagement] [restartedMain] com.example.demo.JusticeGovApplication   : Started JusticeGovApplication in 1.955 seconds (process running for 4664.813)
2026-03-28T13:26:46.314+05:30  WARN 32392 --- [EmployeeManagement] [restartedMain] o.s.core.events.SpringDocAppInitializer  : SpringDoc /v3/api-docs endpoint is enabled by default. To disable it in production, set the property 'springdoc.api-docs.enabled=false'
2026-03-28T13:26:46.314+05:30  WARN 32392 --- [EmployeeManagement] [restartedMain] o.s.core.events.SpringDocAppInitializer  : SpringDoc /swagger-ui.html endpoint is enabled by default. To disable it in production, set the property 'springdoc.swagger-ui.enabled=false'
2026-03-28T13:26:46.316+05:30  INFO 32392 --- [EmployeeManagement] [restartedMain] .ConditionEvaluationDeltaLoggingListener : Condition evaluation unchanged
2026-03-28T13:27:05.192+05:30  INFO 32392 --- [EmployeeManagement] [File Watcher] rtingClassPathChangeChangedEventListener : Restarting due to 1 class path change (0 additions, 0 deletions, 1 modification)
2026-03-28T13:27:05.194+05:30  INFO 32392 --- [EmployeeManagement] [Thread-17] o.s.boot.tomcat.GracefulShutdown         : Commencing graceful shutdown. Waiting for active requests to complete
2026-03-28T13:27:05.203+05:30  INFO 32392 --- [EmployeeManagement] [tomcat-shutdown] o.s.boot.tomcat.GracefulShutdown         : Graceful shutdown complete
2026-03-28T13:27:05.206+05:30  INFO 32392 --- [EmployeeManagement] [Thread-17] j.LocalContainerEntityManagerFactoryBean : Closing JPA EntityManagerFactory for persistence unit 'default'
2026-03-28T13:27:05.207+05:30  INFO 32392 --- [EmployeeManagement] [Thread-17] com.zaxxer.hikari.HikariDataSource       : HikariPool-5 - Shutdown initiated...
2026-03-28T13:27:05.212+05:30  INFO 32392 --- [EmployeeManagement] [Thread-17] com.zaxxer.hikari.HikariDataSource       : HikariPool-5 - Shutdown completed.
2026-03-28T13:27:05.313+05:30  INFO 32392 --- [EmployeeManagement] [restartedMain] com.example.demo.JusticeGovApplication   : Starting JusticeGovApplication using Java 21.0.8 with PID 32392 (C:\Users\2481590\git\JusticeGov\target\classes started by 2481590 in C:\Users\2481590\git\JusticeGov)
2026-03-28T13:27:05.314+05:30  INFO 32392 --- [EmployeeManagement] [restartedMain] com.example.demo.JusticeGovApplication   : No active profile set, falling back to 1 default profile: "default"
2026-03-28T13:27:05.741+05:30  INFO 32392 --- [EmployeeManagement] [restartedMain] .s.d.r.c.RepositoryConfigurationDelegate : Bootstrapping Spring Data JPA repositories in DEFAULT mode.
2026-03-28T13:27:05.764+05:30  INFO 32392 --- [EmployeeManagement] [restartedMain] .s.d.r.c.RepositoryConfigurationDelegate : Finished Spring Data repository scanning in 21 ms. Found 2 JPA repository interfaces.
2026-03-28T13:27:06.018+05:30  INFO 32392 --- [EmployeeManagement] [restartedMain] o.s.boot.tomcat.TomcatWebServer          : Tomcat initialized with port 1234 (http)
2026-03-28T13:27:06.019+05:30  INFO 32392 --- [EmployeeManagement] [restartedMain] o.apache.catalina.core.StandardService   : Starting service [Tomcat]
2026-03-28T13:27:06.019+05:30  INFO 32392 --- [EmployeeManagement] [restartedMain] o.apache.catalina.core.StandardEngine    : Starting Servlet engine: [Apache Tomcat/11.0.18]
2026-03-28T13:27:06.082+05:30  INFO 32392 --- [EmployeeManagement] [restartedMain] b.w.c.s.WebApplicationContextInitializer : Root WebApplicationContext: initialization completed in 765 ms
2026-03-28T13:27:06.226+05:30  INFO 32392 --- [EmployeeManagement] [restartedMain] org.hibernate.orm.jpa                    : HHH008540: Processing PersistenceUnitInfo [name: default]
2026-03-28T13:27:06.264+05:30  INFO 32392 --- [EmployeeManagement] [restartedMain] o.s.o.j.p.SpringPersistenceUnitInfo      : No LoadTimeWeaver setup: ignoring JPA class transformer
2026-03-28T13:27:06.264+05:30  INFO 32392 --- [EmployeeManagement] [restartedMain] com.zaxxer.hikari.HikariDataSource       : HikariPool-6 - Starting...
2026-03-28T13:27:06.286+05:30  INFO 32392 --- [EmployeeManagement] [restartedMain] com.zaxxer.hikari.pool.HikariPool        : HikariPool-6 - Added connection com.mysql.cj.jdbc.ConnectionImpl@f6144e5
2026-03-28T13:27:06.287+05:30  INFO 32392 --- [EmployeeManagement] [restartedMain] com.zaxxer.hikari.HikariDataSource       : HikariPool-6 - Start completed.
2026-03-28T13:27:06.290+05:30  WARN 32392 --- [EmployeeManagement] [restartedMain] org.hibernate.orm.deprecation            : HHH90000025: MySQLDialect does not need to be specified explicitly using 'hibernate.dialect' (remove the property setting and it will be selected by default)
2026-03-28T13:27:06.291+05:30  INFO 32392 --- [EmployeeManagement] [restartedMain] org.hibernate.orm.connections.pooling    : HHH10001005: Database info:
	Database JDBC URL [jdbc:mysql://localhost:3306/justiceGov]
	Database driver: MySQL Connector/J
	Database dialect: MySQLDialect
	Database version: 8.0.44
	Default catalog/schema: justiceGov/undefined
	Autocommit mode: undefined/unknown
	Isolation level: REPEATABLE_READ [default REPEATABLE_READ]
	JDBC fetch size: none
	Pool: DataSourceConnectionProvider
	Minimum pool size: undefined/unknown
	Maximum pool size: undefined/unknown
2026-03-28T13:27:06.612+05:30  INFO 32392 --- [EmployeeManagement] [restartedMain] org.hibernate.orm.core                   : HHH000489: No JTA platform available (set 'hibernate.transaction.jta.platform' to enable JTA platform integration)
2026-03-28T13:27:07.207+05:30  INFO 32392 --- [EmployeeManagement] [restartedMain] j.LocalContainerEntityManagerFactoryBean : Initialized JPA EntityManagerFactory for persistence unit 'default'
2026-03-28T13:27:07.301+05:30  WARN 32392 --- [EmployeeManagement] [restartedMain] JpaBaseConfiguration$JpaWebConfiguration : spring.jpa.open-in-view is enabled by default. Therefore, database queries may be performed during view rendering. Explicitly configure spring.jpa.open-in-view to disable this warning
2026-03-28T13:27:07.462+05:30  INFO 32392 --- [EmployeeManagement] [restartedMain] o.s.b.a.e.web.EndpointLinksResolver      : Exposing 13 endpoints beneath base path '/actuator'
2026-03-28T13:27:07.486+05:30  INFO 32392 --- [EmployeeManagement] [restartedMain] o.s.boot.tomcat.TomcatWebServer          : Tomcat started on port 1234 (http) with context path '/'
2026-03-28T13:27:07.490+05:30  INFO 32392 --- [EmployeeManagement] [restartedMain] com.example.demo.JusticeGovApplication   : Started JusticeGovApplication in 2.206 seconds (process running for 4685.992)
2026-03-28T13:27:07.493+05:30  WARN 32392 --- [EmployeeManagement] [restartedMain] o.s.core.events.SpringDocAppInitializer  : SpringDoc /v3/api-docs endpoint is enabled by default. To disable it in production, set the property 'springdoc.api-docs.enabled=false'
2026-03-28T13:27:07.493+05:30  WARN 32392 --- [EmployeeManagement] [restartedMain] o.s.core.events.SpringDocAppInitializer  : SpringDoc /swagger-ui.html endpoint is enabled by default. To disable it in production, set the property 'springdoc.swagger-ui.enabled=false'
2026-03-28T13:27:07.494+05:30  INFO 32392 --- [EmployeeManagement] [restartedMain] .ConditionEvaluationDeltaLoggingListener : Condition evaluation unchanged
